?local loginas $convbot
$convbot person Johan_Verhelst 05/08/1965 *
$convbot person Rita_Dox 13/08/1950 *
$convbot person Paul_Dox 22/07/1949 *
$convbot person Lou_Gullinck 15/08/1958 *
$convbot person Kristel_Dox 04/05/1984 *
$convbot person Karl_Dox 26/06/1987 *
$convbot person Wouter_Verhelst 01/11/1966 *
$convbot person Anita_Van_Gastel 13/03/1962 *
$convbot person Ewout_Dox 12/07/1991 *
$convbot person Sytze_Van_Herck * *
$convbot person Arnout_Dox 12/07/1991 *
$convbot person Sarah_Callaerts * *
$convbot person Kris_Michielsen 13/07/1967 *
$convbot person Katrien_Vercruysse 22/10/1969 *
$convbot person Lies_Michielsen 06/07/2003 *
$convbot person Kobus_Michielsen 23/12/2004 *
$convbot person Wiebe_Michielsen 28/10/2010 *
$convbot person Hugo_Dox 04/08/1936 *
$convbot person Reimborg_Van_Gool 13/12/1967 *
$convbot person Thorvald_Dox 12/06/1994 *
$convbot person Gerwin_Dox 16/03/1996 *
$convbot person Gert_Dox 21/05/1975 *
$convbot person Tamara_Olaerts 22/12/1977 *
$convbot person Senne_Dox 05/03/2002 *
$convbot person Liam_Dox 09/10/2005 *
$convbot person Liv_Dox 20/06/2011 *
$convbot person Raf_Waumans 24/06/1964 *
$convbot person Geertje_Dox 02/02/1967 *
$convbot person Stijn_Waumans 29/03/1992 *
$convbot person Lien_Waumans 30/07/1994 *
$convbot person Karen_Dox 22/11/1967 *
$convbot person Paulien_Vermeulen 09/10/1995 *
$convbot person Thijs_Vermeulen 07/12/1998 *
$convbot person Hanne_Vermeulen 28/09/2001 *
$convbot person Rudi_Dox 14/09/1945 *
$convbot person Mieke_Buntinx * *
$convbot person Ludo_Dox 08/06/1940 *
$convbot person Hilde_Wagemans 21/05/1951 *
$convbot person Gwen_Bude 01/02/1977 *
$convbot person Leen_Dox 03/01/1981 *
$convbot person Xander_Bude 06/07/2006 *
$convbot person Yarne_Bude 14/05/2008 *
$convbot person Koen_Dox 06/04/1965 *
$convbot person Marie-France_Tielemans 01/07/1970 *
$convbot person Wim_Dox 01/09/1970 *
$convbot person Annick_Van_Dijck 16/04/1975 *
$convbot person Sylvester_Leeuwenhart_Dox 08/06/2009 *
$convbot person Elessar_Elfman_Dox 02/06/2011 *
$convbot person Rudi_De_Becker 24/12/1953 *
$convbot person Rein_Dox 11/01/1958 *
$convbot person Hans_De_Becker 21/01/1983 *
$convbot person Marleen_De_Becker 12/05/1987 *
$convbot person Steven_Dox 28/10/1968 *
$convbot person Marjan_Dessoy 19/04/1970 *
$convbot person Dorien_Dox 13/02/1997 *
$convbot person Cato_Dox 29/06/1999 *
$convbot person Kobe_Dox 14/05/2004 *
$convbot person Lieven_Dox 11/01/1973 *
$convbot person Liesbet_Berben 14/11/1972 *
$convbot person Daan_Dox 18/09/2001 *
$convbot person Douglas_Hughes * *
$convbot person Elke_Dox 01/10/1977 *
$convbot person Lukas_Hughes 05/07/2008 *
$convbot person Nell_Hughes 09/11/2010 *
$convbot person Elles_Hughes 09/11/2010 *
$convbot person Anja_Van_Praet 16/03/1967 *
$convbot person Hugo_Dox 04/08/1936 *
$convbot person Mieke_Winkeler 08/09/1940 *
$convbot person Peter_Dox 16/04/1962 *
$convbot person Ivo_Dox 15/12/1937 *
$convbot person Rosa_Van_Den_Neucker 28/05/1934 *
$convbot person Annemie_Dox 05/03/1966 *
$convbot person Geertje_Dox 02/02/1967 *
$convbot person Tinne_Dox 14/04/1968 *
$convbot person Veerle_Dox 30/03/1970 *
$convbot person Lieven_Dox 11/01/1973 *
$convbot person Peter_Hallaerts 01/02/1962 *
$convbot person Tinne_Dox 14/04/1968 *
$convbot person Michelle_Borghers 17/07/1993 *
$convbot person Anke_Borghers 11/08/1995 *
$convbot person Els_Dox 19/01/1967 *
$convbot person Lien_Valepyn 16/10/2002 *
$convbot person Bennet * *
$convbot person Els_Dox 19/01/1967 *
$convbot person Hugo_Michielsen 23/06/1936 20/04/2014
$convbot person Gerda_Dox 13/09/1943 *
$convbot person Bert_Michielsen 23/07/1966 *
$convbot person Kris_Michielsen 13/07/1967 *
$convbot person Rudi_Dox 14/09/1945 *
$convbot person Rita_Loos 11/04/1949 *
$convbot person Gert_Dox 21/05/1975 *
$convbot person Elke_Dox 01/10/1977 *
$convbot person Leen_Dox 03/01/1981 *
$convbot person Yoon_Kok 08/04/1977 *
$convbot person Kameliya_Angelova * *
$convbot person Jan_Dox 01/10/1962 *
$convbot person Marie-Claire_Dedroog 12/07/1963 *
$convbot person Kathleen_Dox 24/02/1991 *
$convbot person Jorn_Dox 14/07/1993 *
$convbot person Robbe_Dox 17/05/1996 *
$convbot person Geert_Dox 23/02/1961 *
$convbot person Ann_Rombouts 23/03/1964 *
$convbot person Ortwin_Dox 22/08/1991 *
$convbot person Maarten_Dox 22/04/1993 *
$convbot person Zeger_Dox 20/07/1995 *
$convbot person Fernand_Didelez 14/09/1929 30/03/2013
$convbot person Godelieve_Dox 30/08/1933 *
$convbot person Peter_Didelez 07/03/1967 *
$convbot person Peter_Dox 16/04/1962 *
$convbot person Anja_Van_Praet 16/03/1967 *
$convbot person Joran_Dox 12/05/1993 *
$convbot person Ruben_Dox 24/07/2001 *
$convbot person Petrus_Ludovicus_Carolus_Dox 04/11/1903 28/11/1986
$convbot person Clementina_Joanna_Behiels 30/11/1913 02/02/1995
$convbot person Godelieve_Dox 30/08/1933 *
$convbot person Herman_Dox 22/01/1935 17/11/1995
$convbot person Hugo_Dox 04/08/1936 *
$convbot person Ivo_Dox 15/12/1937 *
$convbot person Ria_Dox 27/12/1938 *
$convbot person Ludo_Dox 08/06/1940 *
$convbot person Hilde_Dox 22/04/1942 *
$convbot person Gerda_Dox 13/09/1943 *
$convbot person Rudi_Dox 14/09/1945 *
$convbot person Paul_Dox 22/07/1949 *
$convbot person Rita_Dox 13/08/1950 *
$convbot person Dirk_Dox 16/05/1955 *
$convbot person Rein_Dox 11/01/1958 *
$convbot person Joran_Dox 12/05/1993 *
$convbot person Kirsten_Daens 27/12/1993 *
$convbot person Bert_Michielsen 23/07/1966 *
$convbot person Saskia_Vermeylen * *
$convbot person Matthias_Michielsen 17/02/1995 *
$convbot person Lotte_Michielsen 29/09/1998 *
$convbot person Emma_Michielsen 28/06/2007 *
$convbot person Dries_Vonck * *
$convbot person Linde_Dox 18/02/1990 *
$convbot person Gilbert_Verhelst 12/01/1938 *
$convbot person Ria_Dox 27/12/1938 *
$convbot person Luc_Verhelst 30/01/1964 *
$convbot person Johan_Verhelst 05/08/1965 *
$convbot person Wouter_Verhelst 01/11/1966 *
$convbot person Ludo_Dox 08/06/1940 *
$convbot person Marthe_Gys 10/01/1942 08/04/1991
$convbot person Koen_Dox 06/04/1965 *
$convbot person Karen_Dox 22/11/1967 *
$convbot person Wim_Dox 01/09/1970 *
$convbot person Raf_Dox 08/08/1973 *
$convbot person Luc_Verhelst 30/01/1964 *
$convbot person Chris_Van_Laer 15/03/1965 *
$convbot person Hanne_Verhelst 16/02/1997 *
$convbot person Eva_Verhelst 13/11/1999 *
$convbot person Philippe_Kok 18/09/1950 *
$convbot person Hilde_Dox 22/04/1942 *
$convbot person Yoon_Kok 08/04/1977 *
$convbot person Mi_Sook_Kok * *
$convbot person Peter_Didelez 07/03/1967 *
$convbot person Ilse_Bruyninckx 27/08/1969 *
$convbot person Camie_Didelez 25/03/1999 *
$convbot person Charlot_Didelez 27/09/2001 *
$convbot person Herman_Dox 22/01/1935 17/11/1995
$convbot person Hilde_Verschaeren 01/01/1938 12/05/2014
$convbot person Geert_Dox 23/02/1961 *
$convbot person Jan_Dox 01/10/1962 *
$convbot person Els_Dox 19/01/1967 *
$convbot person Steven_Dox 28/10/1968 *
$convbot person Dirk_Dox 16/05/1955 *
$convbot person Dina_De_Moor 18/02/1959 *
$convbot person Linde_Dox 18/02/1990 *
$convbot person Arnout_Dox 12/07/1991 *
$convbot person Ewout_Dox 12/07/1991 *
$convbot person Henrik_Dox 23/09/1993 *
$convbot person Reinout_Dox 10/05/1995 *
$convbot person Patrick_Vanhove 28/05/1956 *
$convbot person Annemie_Dox 05/03/1966 *
$convbot person Pieter_Verwoerdt 15/08/1927 *
$convbot person Elza_Behiels 18/09/1927 *
$convbot person Lena_Verwoerdt 20/05/1948 *
$convbot person Astrid_Verwoerdt 23/12/1949 *
$convbot person Paul_Verwoerdt 06/01/1952 *
$convbot person Lucette_Verwoerdt 26/03/1953 *
$convbot person Wilma_Verwoerdt 28/11/1954 *
$convbot person Marcella_Verwoerdt 19/10/1956 *
$convbot person Pieter_Verwoerdt 15/08/1927 *
$convbot head Pieter_Verwoerdt
$convbot person Rita_Dox 23/08/1950 *
$convbot person Lena_Verwoerdt 20/05/1948 *
$convbot person Andy_Bednarz 31/08/1947 *
$convbot person Timmy_Bednarz 27/09/1966 *
$convbot person Kevin_Bednarz 23/08/1970 *
$convbot person Debora_Bednarz 06/06/1973 *
$convbot person Lena_Verwoerdt 20/05/1948 *
$convbot person Lorrie_Pile * *
$convbot person Kevin_Bednarz 23/08/1970 *
$convbot person Jemina * *
$convbot person Jessica_Bednarz * *
$convbot person Zacharias_Bednarz * *
$convbot person Debora_Bednarz 06/06/1973 *
$convbot person Lee_Patterson * *
$convbot person Astrid_Verwoerdt 23/12/1949 *
$convbot person Jan_Swolfs * *
$convbot person Johnny_Swolfs 29/06/1978 *
$convbot person Wesley_Swolfs 18/09/1979 *
$convbot person Paul_Verwoerdt 06/01/1952 *
$convbot person Peggie_Rogers * *
$convbot person Hank_Verwoerdt 19/08/1979 *
$convbot person Hank_Verwoerdt 19/08/1979 *
$convbot person April_Kellet * *
$convbot person Chase_Verwoerdt 06/01/2008 *
$convbot person Lucette_Verwoerdt 26/03/1953 *
$convbot person Henricus_Janssens * *
$convbot person Bart_Janssens 26/06/1976 *
$convbot person Saskia_Janssens 02/02/1979 *
$convbot person Saskia_Janssens 02/02/1979 *
$convbot person Diederik_Willems * *
$convbot person Wilma_Verwoerdt 28/11/1954 *
$convbot person Rene_Cares 09/08/1954 *
$convbot person Davy_Cares 27/02/1976 *
$convbot person Ronny_Cares 09/07/1977 *
$convbot person Benny_Cares 14/05/1984 *
$convbot person Davy_Cares 27/02/1976 *
$convbot person An_Van_Den_Meerschaut 24/10/1980 *
$convbot person Sebastiaan_Cares 27/02/2007 *
$convbot person Alexander_Cares 15/10/2009 *
$convbot person Ronny_Cares 09/07/1977 *
$convbot person Nele_Stalmans * *
$convbot person Benny_Cares 14/05/1984 *
$convbot person Vicky_Wuyts 18/12/1985 *
$convbot person Lore_Cares 24/11/2004 *
$convbot person Marcella_Verwoerdt 19/10/1956 *
$convbot person Peter_Van_Dinter 14/09/1981 *
$convbot person Caroline_Agtmael * *
$convbot person Peter_Van_Dinter 14/09/1981 *
$convbot family Johan_Verhelst Maria_???
$convbot family Pieter_Verwoerdt Rita_Dox
$convbot family Paul_Dox Lou_Gullinck Kristel_Dox Karl_Dox
$convbot family Wouter_Verhelst Anita_Van_Gastel
$convbot family Ewout_Dox Sytze_Van_Herck
$convbot family Arnout_Dox Sarah_Callaerts
$convbot family Kris_Michielsen Katrien_Vercruysse Lies_Michielsen Kobus_Michielsen Wiebe_Michielsen
$convbot family Hugo_Dox Reimborg_Van_Gool Thorvald_Dox Gerwin_Dox
$convbot family Gert_Dox Tamara_Olaerts Senne_Dox Liam_Dox Liv_Dox
$convbot family Raf_Waumans Geertje_Dox Stijn_Waumans Lien_Waumans
$convbot family Karen_Dox * Paulien_Vermeulen Thijs_Vermeulen Hanne_Vermeulen
$convbot family Rudi_Dox Mieke_Buntinx
$convbot family Ludo_Dox Hilde_Wagemans
$convbot family Gwen_Bude Leen_Dox Xander_Bude Yarne_Bude
$convbot family Koen_Dox Marie-France_Tielemans
$convbot family Wim_Dox Annick_Van_Dijck Sylvester_Leeuwenhart_Dox Elessar_Elfman_Dox
$convbot family Rudi_De_Becker Rein_Dox Hans_De_Becker Marleen_De_Becker
$convbot family Steven_Dox Marjan_Dessoy Dorien_Dox Cato_Dox Kobe_Dox
$convbot family Lieven_Dox Liesbet_Berben Daan_Dox
$convbot family Douglas_Hughes Elke_Dox Lukas_Hughes Nell_Hughes Elles_Hughes
$convbot family Hugo_Dox Mieke_Winkeler Peter_Dox
$convbot family Ivo_Dox Rosa_Van_Den_Neucker Annemie_Dox Geertje_Dox Tinne_Dox Veerle_Dox Lieven_Dox
$convbot family Peter_Hallaerts Tinne_Dox Michelle_Borghers Anke_Borghers
$convbot family Els_Dox * Lien_Valepyn
$convbot family Bennet Els_Dox
$convbot family Hugo_Michielsen Gerda_Dox Bert_Michielsen Kris_Michielsen
$convbot family Rudi_Dox Rita_Loos Gert_Dox Elke_Dox Leen_Dox
$convbot family Yoon_Kok Kameliya_Angelova
$convbot family Jan_Dox Marie-Claire_Dedroog Kathleen_Dox Jorn_Dox Robbe_Dox
$convbot family Geert_Dox Ann_Rombouts Ortwin_Dox Maarten_Dox Zeger_Dox
$convbot family Fernand_Didelez Godelieve_Dox Peter_Didelez
$convbot family Peter_Dox Anja_Van_Praet Joran_Dox Ruben_Dox
$convbot family Petrus_Ludovicus_Carolus_Dox Clementina_Joanna_Behiels Godelieve_Dox Herman_Dox Hugo_Dox Ivo_Dox Ria_Dox Ludo_Dox Hilde_Dox Gerda_Dox Rudi_Dox Paul_Dox Rita_Dox Dirk_Dox Rein_Dox
$convbot family Joran_Dox Kirsten_Daens
$convbot family Bert_Michielsen Saskia_Vermeylen Matthias_Michielsen Lotte_Michielsen Emma_Michielsen
$convbot family Dries_Vonck Linde_Dox
$convbot family Gilbert_Verhelst Ria_Dox Luc_Verhelst Johan_Verhelst Wouter_Verhelst
$convbot family Ludo_Dox Marthe_Gys Koen_Dox Karen_Dox Wim_Dox Raf_Dox
$convbot family Luc_Verhelst Chris_Van_Laer Hanne_Verhelst Eva_Verhelst
$convbot family Philippe_Kok Hilde_Dox Yoon_Kok Mi_Sook_Kok
$convbot family Peter_Didelez Ilse_Bruyninckx Camie_Didelez Charlot_Didelez
$convbot family Herman_Dox Hilde_Verschaeren Geert_Dox Jan_Dox Els_Dox Steven_Dox
$convbot family Dirk_Dox Dina_De_Moor Linde_Dox Arnout_Dox Ewout_Dox Henrik_Dox Reinout_Dox
$convbot family Patrick_Vanhove Annemie_Dox
$convbot family Pieter_Verwoerdt Elza_Behiels Lena_Verwoerdt Astrid_Verwoerdt Paul_Verwoerdt Lucette_Verwoerdt Wilma_Verwoerdt Marcella_Verwoerdt
$convbot family Pieter_Verwoerdt Rita_Dox
$convbot family Lena_Verwoerdt Andy_Bednarz Timmy_Bednarz Kevin_Bednarz Debora_Bednarz
$convbot family Lena_Verwoerdt Lorrie_Pile
$convbot family Kevin_Bednarz Jemina Jessica_Bednarz Zacharias_Bednarz
$convbot family Debora_Bednarz Lee_Patterson
$convbot family Astrid_Verwoerdt Jan_Swolfs Johnny_Swolfs Wesley_Swolfs
$convbot family Paul_Verwoerdt Peggie_Rogers Hank_Verwoerdt
$convbot family Hank_Verwoerdt April_Kellet Chase_Verwoerdt
$convbot family Lucette_Verwoerdt Henricus_Janssens Bart_Janssens Saskia_Janssens
$convbot family Saskia_Janssens Diederik_Willems
$convbot family Wilma_Verwoerdt Rene_Cares Davy_Cares Ronny_Cares Benny_Cares
$convbot family Davy_Cares An_Van_Den_Meerschaut Sebastiaan_Cares Alexander_Cares
$convbot family Ronny_Cares Nele_Stalmans
$convbot family Benny_Cares Vicky_Wuyts Lore_Cares
$convbot family Marcella_Verwoerdt * Peter_Van_Dinter
$convbot family Caroline_Agtmael Peter_Van_Dinter
$convbot head Petrus_Ludovicus_Carolus_Dox
$convbot logout
?127.0.0.1 loginas #thorvald_dox
?127.0.0.1 loginas #thorvald_dox
